{"/Users/mike/work/3box-services-box/js-ceramic/packages/account-template/src/accountLinks.ts": {"path":"/Users/mike/work/3box-services-box/js-ceramic/packages/account-template/src/accountLinks.ts","statementMap":{"0":{"start":{"line":11,"column":4},"end":{"line":11,"column":35}},"1":{"start":{"line":12,"column":4},"end":{"line":12,"column":70}},"2":{"start":{"line":16,"column":4},"end":{"line":16,"column":50}},"3":{"start":{"line":20,"column":4},"end":{"line":25,"column":5}},"4":{"start":{"line":21,"column":6},"end":{"line":23,"column":7}},"5":{"start":{"line":22,"column":8},"end":{"line":22,"column":47}},"6":{"start":{"line":24,"column":6},"end":{"line":24,"column":87}},"7":{"start":{"line":26,"column":26},"end":{"line":26,"column":62}},"8":{"start":{"line":27,"column":4},"end":{"line":29,"column":5}},"9":{"start":{"line":28,"column":6},"end":{"line":28,"column":64}},"10":{"start":{"line":30,"column":27},"end":{"line":33,"column":6}},"11":{"start":{"line":34,"column":4},"end":{"line":36,"column":5}},"12":{"start":{"line":35,"column":6},"end":{"line":35,"column":40}},"13":{"start":{"line":38,"column":4},"end":{"line":38,"column":81}},"14":{"start":{"line":41,"column":4},"end":{"line":41,"column":62}},"15":{"start":{"line":45,"column":26},"end":{"line":45,"column":62}},"16":{"start":{"line":46,"column":4},"end":{"line":48,"column":5}},"17":{"start":{"line":47,"column":6},"end":{"line":47,"column":60}},"18":{"start":{"line":49,"column":4},"end":{"line":49,"column":62}},"19":{"start":{"line":50,"column":23},"end":{"line":50,"column":128}},"20":{"start":{"line":50,"column":73},"end":{"line":50,"column":127}},"21":{"start":{"line":51,"column":4},"end":{"line":51,"column":44}},"22":{"start":{"line":54,"column":4},"end":{"line":54,"column":52}},"23":{"start":{"line":58,"column":41},"end":{"line":58,"column":141}},"24":{"start":{"line":58,"column":106},"end":{"line":58,"column":139}},"25":{"start":{"line":59,"column":4},"end":{"line":62,"column":10}},"26":{"start":{"line":60,"column":6},"end":{"line":60,"column":36}},"27":{"start":{"line":61,"column":6},"end":{"line":61,"column":16}},"28":{"start":{"line":66,"column":36},"end":{"line":66,"column":54}},"29":{"start":{"line":67,"column":4},"end":{"line":76,"column":5}},"30":{"start":{"line":69,"column":6},"end":{"line":74,"column":7}},"31":{"start":{"line":70,"column":8},"end":{"line":70,"column":64}},"32":{"start":{"line":72,"column":8},"end":{"line":72,"column":78}},"33":{"start":{"line":73,"column":8},"end":{"line":73,"column":24}},"34":{"start":{"line":75,"column":6},"end":{"line":75,"column":38}},"35":{"start":{"line":77,"column":4},"end":{"line":77,"column":60}},"36":{"start":{"line":81,"column":23},"end":{"line":81,"column":56}},"37":{"start":{"line":82,"column":25},"end":{"line":82,"column":72}},"38":{"start":{"line":83,"column":4},"end":{"line":83,"column":45}},"39":{"start":{"line":84,"column":4},"end":{"line":84,"column":23}},"40":{"start":{"line":88,"column":37},"end":{"line":88,"column":39}},"41":{"start":{"line":89,"column":23},"end":{"line":89,"column":96}},"42":{"start":{"line":90,"column":25},"end":{"line":90,"column":72}},"43":{"start":{"line":91,"column":4},"end":{"line":91,"column":45}},"44":{"start":{"line":92,"column":4},"end":{"line":92,"column":23}}},"fnMap":{"0":{"name":"(anonymous_0)","decl":{"start":{"line":10,"column":2},"end":{"line":10,"column":3}},"loc":{"start":{"line":10,"column":104},"end":{"line":13,"column":3}},"line":10},"1":{"name":"(anonymous_1)","decl":{"start":{"line":15,"column":2},"end":{"line":15,"column":3}},"loc":{"start":{"line":15,"column":39},"end":{"line":17,"column":3}},"line":15},"2":{"name":"(anonymous_2)","decl":{"start":{"line":19,"column":2},"end":{"line":19,"column":3}},"loc":{"start":{"line":19,"column":82},"end":{"line":42,"column":3}},"line":19},"3":{"name":"(anonymous_3)","decl":{"start":{"line":44,"column":2},"end":{"line":44,"column":3}},"loc":{"start":{"line":44,"column":55},"end":{"line":55,"column":3}},"line":44},"4":{"name":"(anonymous_4)","decl":{"start":{"line":50,"column":54},"end":{"line":50,"column":55}},"loc":{"start":{"line":50,"column":73},"end":{"line":50,"column":127}},"line":50},"5":{"name":"(anonymous_5)","decl":{"start":{"line":57,"column":2},"end":{"line":57,"column":3}},"loc":{"start":{"line":57,"column":46},"end":{"line":63,"column":3}},"line":57},"6":{"name":"(anonymous_6)","decl":{"start":{"line":58,"column":87},"end":{"line":58,"column":88}},"loc":{"start":{"line":58,"column":106},"end":{"line":58,"column":139}},"line":58},"7":{"name":"(anonymous_7)","decl":{"start":{"line":59,"column":78},"end":{"line":59,"column":79}},"loc":{"start":{"line":59,"column":92},"end":{"line":62,"column":5}},"line":59},"8":{"name":"(anonymous_8)","decl":{"start":{"line":65,"column":2},"end":{"line":65,"column":3}},"loc":{"start":{"line":65,"column":60},"end":{"line":78,"column":3}},"line":65},"9":{"name":"(anonymous_9)","decl":{"start":{"line":80,"column":2},"end":{"line":80,"column":3}},"loc":{"start":{"line":80,"column":96},"end":{"line":85,"column":3}},"line":80},"10":{"name":"(anonymous_10)","decl":{"start":{"line":87,"column":2},"end":{"line":87,"column":3}},"loc":{"start":{"line":87,"column":97},"end":{"line":93,"column":3}},"line":87}},"branchMap":{"0":{"loc":{"start":{"line":20,"column":4},"end":{"line":25,"column":5}},"type":"if","locations":[{"start":{"line":20,"column":4},"end":{"line":25,"column":5}},{"start":{"line":20,"column":4},"end":{"line":25,"column":5}}],"line":20},"1":{"loc":{"start":{"line":21,"column":6},"end":{"line":23,"column":7}},"type":"if","locations":[{"start":{"line":21,"column":6},"end":{"line":23,"column":7}},{"start":{"line":21,"column":6},"end":{"line":23,"column":7}}],"line":21},"2":{"loc":{"start":{"line":27,"column":4},"end":{"line":29,"column":5}},"type":"if","locations":[{"start":{"line":27,"column":4},"end":{"line":29,"column":5}},{"start":{"line":27,"column":4},"end":{"line":29,"column":5}}],"line":27},"3":{"loc":{"start":{"line":34,"column":4},"end":{"line":36,"column":5}},"type":"if","locations":[{"start":{"line":34,"column":4},"end":{"line":36,"column":5}},{"start":{"line":34,"column":4},"end":{"line":36,"column":5}}],"line":34},"4":{"loc":{"start":{"line":46,"column":4},"end":{"line":48,"column":5}},"type":"if","locations":[{"start":{"line":46,"column":4},"end":{"line":48,"column":5}},{"start":{"line":46,"column":4},"end":{"line":48,"column":5}}],"line":46},"5":{"loc":{"start":{"line":67,"column":4},"end":{"line":76,"column":5}},"type":"if","locations":[{"start":{"line":67,"column":4},"end":{"line":76,"column":5}},{"start":{"line":67,"column":4},"end":{"line":76,"column":5}}],"line":67}},"s":{"0":10,"1":10,"2":5,"3":7,"4":6,"5":0,"6":6,"7":7,"8":7,"9":1,"10":6,"11":6,"12":6,"13":6,"14":6,"15":3,"16":3,"17":1,"18":2,"19":2,"20":0,"21":2,"22":2,"23":3,"24":4,"25":3,"26":4,"27":4,"28":10,"29":10,"30":2,"31":2,"32":0,"33":0,"34":2,"35":10,"36":2,"37":2,"38":2,"39":2,"40":1,"41":1,"42":1,"43":1,"44":1},"f":{"0":10,"1":5,"2":7,"3":3,"4":0,"5":3,"6":4,"7":4,"8":10,"9":2,"10":1},"b":{"0":[6,1],"1":[0,6],"2":[1,6],"3":[6,0],"4":[1,2],"5":[2,8]},"_coverageSchema":"1a1c01bbd47fc00a2c39e90264f33305004495a9","hash":"c8066971adda1dde9078bdeca59b9cec247079fc"}
,"/Users/mike/work/3box-services-box/js-ceramic/packages/account-template/src/did.ts": {"path":"/Users/mike/work/3box-services-box/js-ceramic/packages/account-template/src/did.ts","statementMap":{"0":{"start":{"line":7,"column":4},"end":{"line":7,"column":50}},"1":{"start":{"line":11,"column":4},"end":{"line":13,"column":5}},"2":{"start":{"line":12,"column":6},"end":{"line":12,"column":88}},"3":{"start":{"line":14,"column":4},"end":{"line":14,"column":87}},"4":{"start":{"line":18,"column":22},"end":{"line":18,"column":30}},"5":{"start":{"line":19,"column":4},"end":{"line":21,"column":5}},"6":{"start":{"line":20,"column":6},"end":{"line":20,"column":42}},"7":{"start":{"line":22,"column":16},"end":{"line":22,"column":43}},"8":{"start":{"line":23,"column":23},"end":{"line":23,"column":68}},"9":{"start":{"line":24,"column":4},"end":{"line":24,"column":47}},"10":{"start":{"line":28,"column":23},"end":{"line":33,"column":47}},"11":{"start":{"line":34,"column":4},"end":{"line":34,"column":47}}},"fnMap":{"0":{"name":"(anonymous_0)","decl":{"start":{"line":4,"column":2},"end":{"line":4,"column":3}},"loc":{"start":{"line":4,"column":81},"end":{"line":4,"column":84}},"line":4},"1":{"name":"(anonymous_1)","decl":{"start":{"line":6,"column":2},"end":{"line":6,"column":3}},"loc":{"start":{"line":6,"column":21},"end":{"line":8,"column":3}},"line":6},"2":{"name":"(anonymous_2)","decl":{"start":{"line":10,"column":2},"end":{"line":10,"column":3}},"loc":{"start":{"line":10,"column":69},"end":{"line":15,"column":3}},"line":10},"3":{"name":"(anonymous_3)","decl":{"start":{"line":17,"column":2},"end":{"line":17,"column":3}},"loc":{"start":{"line":17,"column":77},"end":{"line":25,"column":3}},"line":17},"4":{"name":"(anonymous_4)","decl":{"start":{"line":27,"column":2},"end":{"line":27,"column":3}},"loc":{"start":{"line":27,"column":140},"end":{"line":35,"column":3}},"line":27}},"branchMap":{"0":{"loc":{"start":{"line":11,"column":4},"end":{"line":13,"column":5}},"type":"if","locations":[{"start":{"line":11,"column":4},"end":{"line":13,"column":5}},{"start":{"line":11,"column":4},"end":{"line":13,"column":5}}],"line":11},"1":{"loc":{"start":{"line":19,"column":4},"end":{"line":21,"column":5}},"type":"if","locations":[{"start":{"line":19,"column":4},"end":{"line":21,"column":5}},{"start":{"line":19,"column":4},"end":{"line":21,"column":5}}],"line":19}},"s":{"0":0,"1":2,"2":1,"3":1,"4":2,"5":2,"6":1,"7":1,"8":1,"9":1,"10":1,"11":1},"f":{"0":4,"1":0,"2":2,"3":2,"4":1},"b":{"0":[1,1],"1":[1,1]},"_coverageSchema":"1a1c01bbd47fc00a2c39e90264f33305004495a9","hash":"641fd5f932dacfb28ceafe089c2d037980021fbd"}
,"/Users/mike/work/3box-services-box/js-ceramic/packages/account-template/src/utils.ts": {"path":"/Users/mike/work/3box-services-box/js-ceramic/packages/account-template/src/utils.ts","statementMap":{"0":{"start":{"line":2,"column":15},"end":{"line":2,"column":87}},"1":{"start":{"line":3,"column":2},"end":{"line":9,"column":4}},"2":{"start":{"line":4,"column":4},"end":{"line":8,"column":6}},"3":{"start":{"line":5,"column":6},"end":{"line":7,"column":33}},"4":{"start":{"line":5,"column":15},"end":{"line":5,"column":26}},"5":{"start":{"line":6,"column":11},"end":{"line":7,"column":33}},"6":{"start":{"line":6,"column":29},"end":{"line":6,"column":49}},"7":{"start":{"line":7,"column":11},"end":{"line":7,"column":33}},"8":{"start":{"line":13,"column":2},"end":{"line":19,"column":3}},"9":{"start":{"line":23,"column":2},"end":{"line":23,"column":71}}},"fnMap":{"0":{"name":"safeSend","decl":{"start":{"line":1,"column":9},"end":{"line":1,"column":17}},"loc":{"start":{"line":1,"column":75},"end":{"line":10,"column":1}},"line":1},"1":{"name":"(anonymous_1)","decl":{"start":{"line":3,"column":21},"end":{"line":3,"column":22}},"loc":{"start":{"line":3,"column":42},"end":{"line":9,"column":3}},"line":3},"2":{"name":"(anonymous_2)","decl":{"start":{"line":4,"column":15},"end":{"line":4,"column":16}},"loc":{"start":{"line":4,"column":47},"end":{"line":8,"column":5}},"line":4},"3":{"name":"encodeRpcCall","decl":{"start":{"line":12,"column":9},"end":{"line":12,"column":22}},"loc":{"start":{"line":12,"column":91},"end":{"line":20,"column":1}},"line":12},"4":{"name":"callRpc","decl":{"start":{"line":22,"column":15},"end":{"line":22,"column":22}},"loc":{"start":{"line":22,"column":99},"end":{"line":24,"column":1}},"line":22}},"branchMap":{"0":{"loc":{"start":{"line":2,"column":16},"end":{"line":2,"column":71}},"type":"cond-expr","locations":[{"start":{"line":2,"column":37},"end":{"line":2,"column":55}},{"start":{"line":2,"column":58},"end":{"line":2,"column":71}}],"line":2},"1":{"loc":{"start":{"line":5,"column":6},"end":{"line":7,"column":33}},"type":"if","locations":[{"start":{"line":5,"column":6},"end":{"line":7,"column":33}},{"start":{"line":5,"column":6},"end":{"line":7,"column":33}}],"line":5},"2":{"loc":{"start":{"line":6,"column":11},"end":{"line":7,"column":33}},"type":"if","locations":[{"start":{"line":6,"column":11},"end":{"line":7,"column":33}},{"start":{"line":6,"column":11},"end":{"line":7,"column":33}}],"line":6}},"s":{"0":2,"1":2,"2":2,"3":2,"4":0,"5":2,"6":0,"7":2,"8":2,"9":2},"f":{"0":2,"1":2,"2":2,"3":2,"4":2},"b":{"0":[0,2],"1":[0,2],"2":[0,2]},"_coverageSchema":"1a1c01bbd47fc00a2c39e90264f33305004495a9","hash":"52fe7704ae415509d99182cf76c51efcd0d71ed3"}
,"/Users/mike/work/3box-services-box/js-ceramic/packages/account-template/src/__tests__/helpers.ts": {"path":"/Users/mike/work/3box-services-box/js-ceramic/packages/account-template/src/__tests__/helpers.ts","statementMap":{"0":{"start":{"line":2,"column":2},"end":{"line":9,"column":3}},"1":{"start":{"line":13,"column":22},"end":{"line":16,"column":3}},"2":{"start":{"line":17,"column":2},"end":{"line":22,"column":3}},"3":{"start":{"line":18,"column":4},"end":{"line":21,"column":6}},"4":{"start":{"line":19,"column":18},"end":{"line":19,"column":61}},"5":{"start":{"line":19,"column":44},"end":{"line":19,"column":60}},"6":{"start":{"line":20,"column":6},"end":{"line":20,"column":41}},"7":{"start":{"line":23,"column":2},"end":{"line":23,"column":20}}},"fnMap":{"0":{"name":"buildMockCeramicDoc","decl":{"start":{"line":1,"column":9},"end":{"line":1,"column":28}},"loc":{"start":{"line":1,"column":31},"end":{"line":10,"column":1}},"line":1},"1":{"name":"buildMockCeramic","decl":{"start":{"line":12,"column":9},"end":{"line":12,"column":25}},"loc":{"start":{"line":12,"column":41},"end":{"line":24,"column":1}},"line":12},"2":{"name":"(anonymous_2)","decl":{"start":{"line":18,"column":48},"end":{"line":18,"column":49}},"loc":{"start":{"line":18,"column":65},"end":{"line":21,"column":5}},"line":18},"3":{"name":"(anonymous_3)","decl":{"start":{"line":19,"column":37},"end":{"line":19,"column":38}},"loc":{"start":{"line":19,"column":44},"end":{"line":19,"column":60}},"line":19}},"branchMap":{"0":{"loc":{"start":{"line":17,"column":2},"end":{"line":22,"column":3}},"type":"if","locations":[{"start":{"line":17,"column":2},"end":{"line":22,"column":3}},{"start":{"line":17,"column":2},"end":{"line":22,"column":3}}],"line":17},"1":{"loc":{"start":{"line":20,"column":13},"end":{"line":20,"column":41}},"type":"binary-expr","locations":[{"start":{"line":20,"column":13},"end":{"line":20,"column":16}},{"start":{"line":20,"column":20},"end":{"line":20,"column":41}}],"line":20}},"s":{"0":54,"1":15,"2":15,"3":1,"4":3,"5":6,"6":3,"7":15},"f":{"0":54,"1":15,"2":3,"3":6},"b":{"0":[1,14],"1":[3,0]},"_coverageSchema":"1a1c01bbd47fc00a2c39e90264f33305004495a9","hash":"94dde2e9c2ad2f0b179a0ac03f945a9bfd8650df"}
}
