TN:
SF:src/accountLinks.ts
FN:10,(anonymous_0)
FN:15,(anonymous_1)
FN:19,(anonymous_2)
FN:44,(anonymous_3)
FN:50,(anonymous_4)
FN:57,(anonymous_5)
FN:58,(anonymous_6)
FN:59,(anonymous_7)
FN:65,(anonymous_8)
FN:80,(anonymous_9)
FN:87,(anonymous_10)
FNF:11
FNH:10
FNDA:10,(anonymous_0)
FNDA:5,(anonymous_1)
FNDA:7,(anonymous_2)
FNDA:3,(anonymous_3)
FNDA:0,(anonymous_4)
FNDA:3,(anonymous_5)
FNDA:4,(anonymous_6)
FNDA:4,(anonymous_7)
FNDA:10,(anonymous_8)
FNDA:2,(anonymous_9)
FNDA:1,(anonymous_10)
DA:11,10
DA:12,10
DA:16,5
DA:20,7
DA:21,6
DA:22,0
DA:24,6
DA:26,7
DA:27,7
DA:28,1
DA:30,6
DA:34,6
DA:35,6
DA:38,6
DA:41,6
DA:45,3
DA:46,3
DA:47,1
DA:49,2
DA:50,2
DA:51,2
DA:54,2
DA:58,4
DA:59,3
DA:60,4
DA:61,4
DA:66,10
DA:67,10
DA:69,2
DA:70,2
DA:72,0
DA:73,0
DA:75,2
DA:77,10
DA:81,2
DA:82,2
DA:83,2
DA:84,2
DA:88,1
DA:89,1
DA:90,1
DA:91,1
DA:92,1
LF:43
LH:40
BRDA:20,0,0,6
BRDA:20,0,1,1
BRDA:21,1,0,0
BRDA:21,1,1,6
BRDA:27,2,0,1
BRDA:27,2,1,6
BRDA:34,3,0,6
BRDA:34,3,1,0
BRDA:46,4,0,1
BRDA:46,4,1,2
BRDA:67,5,0,2
BRDA:67,5,1,8
BRF:12
BRH:10
end_of_record
TN:
SF:src/did.ts
FN:4,(anonymous_0)
FN:6,(anonymous_1)
FN:10,(anonymous_2)
FN:17,(anonymous_3)
FN:27,(anonymous_4)
FNF:5
FNH:4
FNDA:4,(anonymous_0)
FNDA:0,(anonymous_1)
FNDA:2,(anonymous_2)
FNDA:2,(anonymous_3)
FNDA:1,(anonymous_4)
DA:7,0
DA:11,2
DA:12,1
DA:14,1
DA:18,2
DA:19,2
DA:20,1
DA:22,1
DA:23,1
DA:24,1
DA:28,1
DA:34,1
LF:12
LH:11
BRDA:11,0,0,1
BRDA:11,0,1,1
BRDA:19,1,0,1
BRDA:19,1,1,1
BRF:4
BRH:4
end_of_record
TN:
SF:src/utils.ts
FN:1,safeSend
FN:3,(anonymous_1)
FN:4,(anonymous_2)
FN:12,encodeRpcCall
FN:22,callRpc
FNF:5
FNH:5
FNDA:2,safeSend
FNDA:2,(anonymous_1)
FNDA:2,(anonymous_2)
FNDA:2,encodeRpcCall
FNDA:2,callRpc
DA:2,2
DA:3,2
DA:4,2
DA:5,2
DA:6,2
DA:7,2
DA:13,2
DA:23,2
LF:8
LH:8
BRDA:2,0,0,0
BRDA:2,0,1,2
BRDA:5,1,0,0
BRDA:5,1,1,2
BRDA:6,2,0,0
BRDA:6,2,1,2
BRF:6
BRH:3
end_of_record
TN:
SF:src/__tests__/helpers.ts
FN:1,buildMockCeramicDoc
FN:12,buildMockCeramic
FN:18,(anonymous_2)
FN:19,(anonymous_3)
FNF:4
FNH:4
FNDA:54,buildMockCeramicDoc
FNDA:15,buildMockCeramic
FNDA:3,(anonymous_2)
FNDA:6,(anonymous_3)
DA:2,54
DA:13,15
DA:17,15
DA:18,1
DA:19,6
DA:20,3
DA:23,15
LF:7
LH:7
BRDA:17,0,0,1
BRDA:17,0,1,14
BRDA:20,1,0,3
BRDA:20,1,1,0
BRF:4
BRH:3
end_of_record
